[2025-11-24 13:14:57,319] 23 root - INFO - Reading dataset
[2025-11-24 13:14:57,332] 34 root - INFO - Data ingestion completed
[2025-11-24 13:14:57,335] 49 root - INFO - Read train and test data
[2025-11-24 13:14:57,336] 31 root - INFO - Numerical feature pipeline created
[2025-11-24 13:14:57,336] 62 root - INFO - Applying preprocessing...
[2025-11-24 13:14:57,346] 23 root - INFO - Splitting training and test input data
[2025-11-24 13:14:57,742] 41 root - INFO - Model Report: {'Logistic Regression': 0.0703488372093023, 'Random Forest': -0.07267441860465129, 'Gradient Boosting': -0.10843023255813966, 'SVM': -0.001162790697674554}
[2025-11-24 13:14:57,742] 47 root - INFO - Best Model: Logistic Regression, Accuracy: 0.0703488372093023
[2025-11-24 13:14:57,742] 50 root - WARNING - Best model accuracy is below 0.6, but continuing anyway...
[2025-11-24 13:14:57,742] 53 root - INFO - Saving best model...
[2025-11-24 13:14:57,744] 58 root - INFO - Accuracy: 0.7886178861788617
[2025-11-24 13:14:57,746] 59 root - INFO - Precision: 0.7596153846153846
[2025-11-24 13:14:57,747] 60 root - INFO - Recall: 0.9875
[2025-11-24 13:14:57,749] 61 root - INFO - F1 Score: 0.8586956521739131
[2025-11-24 13:14:57,751] 62 root - INFO - Confusion Matrix:
[[18 25]
 [ 1 79]]
[2025-11-24 13:14:57,762] 63 root - INFO - Classification Report:
              precision    recall  f1-score   support
              
         0.0       0.95      0.42      0.58        43
         1.0       0.76      0.99      0.86        80

    accuracy                           0.79       123
   macro avg       0.85      0.70      0.72       123
weighted avg       0.83      0.79      0.76       123

